#! /c/Source/iverilog-install/bin/vvp
:ivl_version "12.0 (devel)" "(s20150603-1539-g2693dd32b)";
:ivl_delay_selection "TYPICAL";
:vpi_time_precision + 0;
:vpi_module "C:\iverilog\lib\ivl\system.vpi";
:vpi_module "C:\iverilog\lib\ivl\vhdl_sys.vpi";
:vpi_module "C:\iverilog\lib\ivl\vhdl_textio.vpi";
:vpi_module "C:\iverilog\lib\ivl\v2005_math.vpi";
:vpi_module "C:\iverilog\lib\ivl\va_math.vpi";
S_0000020d19144ac0 .scope module, "df" "df" 2 98;
 .timescale 0 0;
    .port_info 0 /INPUT 1 "clk";
    .port_info 1 /INPUT 1 "rst";
    .port_info 2 /INPUT 1 "load_m";
    .port_info 3 /INPUT 8 "divisor";
    .port_info 4 /INPUT 1 "load_aq";
    .port_info 5 /INPUT 8 "dividend";
    .port_info 6 /INPUT 1 "shift_aq";
    .port_info 7 /INPUT 1 "update_a";
    .port_info 8 /OUTPUT 8 "M";
    .port_info 9 /OUTPUT 8 "A";
    .port_info 10 /OUTPUT 8 "Q";
    .port_info 11 /OUTPUT 1 "negative";
P_0000020d1913b0e0 .param/l "N" 0 2 99, +C4<00000000000000000000000000001000>;
o0000020d1916cc68 .functor BUFZ 8, C4<zzzzzzzz>; HiZ drive
v0000020d191bf0b0_0 .net "A", 7 0, o0000020d1916cc68;  0 drivers
o0000020d1916cc98 .functor BUFZ 8, C4<zzzzzzzz>; HiZ drive
v0000020d191bfbf0_0 .net "M", 7 0, o0000020d1916cc98;  0 drivers
o0000020d1916ccc8 .functor BUFZ 8, C4<zzzzzzzz>; HiZ drive
v0000020d191beb10_0 .net "Q", 7 0, o0000020d1916ccc8;  0 drivers
o0000020d1916c578 .functor BUFZ 1, C4<z>; HiZ drive
v0000020d191bf6f0_0 .net "clk", 0 0, o0000020d1916c578;  0 drivers
o0000020d1916ccf8 .functor BUFZ 8, C4<zzzzzzzz>; HiZ drive
v0000020d191bf010_0 .net "dividend", 7 0, o0000020d1916ccf8;  0 drivers
o0000020d1916cd28 .functor BUFZ 8, C4<zzzzzzzz>; HiZ drive
v0000020d191beed0_0 .net "divisor", 7 0, o0000020d1916cd28;  0 drivers
o0000020d1916cd58 .functor BUFZ 1, C4<z>; HiZ drive
v0000020d191bf150_0 .net "load_aq", 0 0, o0000020d1916cd58;  0 drivers
o0000020d1916cd88 .functor BUFZ 1, C4<z>; HiZ drive
v0000020d191be6b0_0 .net "load_m", 0 0, o0000020d1916cd88;  0 drivers
o0000020d1916cdb8 .functor BUFZ 1, C4<z>; HiZ drive
v0000020d191be7f0_0 .net "negative", 0 0, o0000020d1916cdb8;  0 drivers
o0000020d1916c638 .functor BUFZ 1, C4<z>; HiZ drive
v0000020d191be390_0 .net "rst", 0 0, o0000020d1916c638;  0 drivers
o0000020d1916cde8 .functor BUFZ 1, C4<z>; HiZ drive
v0000020d191bf790_0 .net "shift_aq", 0 0, o0000020d1916cde8;  0 drivers
o0000020d1916ce18 .functor BUFZ 1, C4<z>; HiZ drive
v0000020d191bef70_0 .net "update_a", 0 0, o0000020d1916ce18;  0 drivers
S_0000020d19149be0 .scope module, "a_s_1" "add_sub" 2 143, 2 5 0, S_0000020d19144ac0;
 .timescale 0 0;
    .port_info 0 /INPUT 8 "a";
    .port_info 1 /INPUT 8 "b";
    .port_info 2 /INPUT 1 "sub";
    .port_info 3 /OUTPUT 8 "result";
    .port_info 4 /OUTPUT 1 "cout";
    .port_info 5 /OUTPUT 1 "overflow";
    .port_info 6 /OUTPUT 1 "negative";
P_0000020d1913a5e0 .param/l "N" 0 2 6, +C4<00000000000000000000000000001000>;
o0000020d1916c2a8 .functor BUFZ 8, C4<zzzzzzzz>; HiZ drive
o0000020d1916bfd8 .functor BUFZ 8, C4<zzzzzzzz>; HiZ drive
L_0000020d1915a0a0 .functor XOR 8, o0000020d1916c2a8, o0000020d1916bfd8, C4<00000000>, C4<00000000>;
L_0000020d19159cb0 .functor BUFZ 8, L_0000020d191c0440, C4<00000000>, C4<00000000>, C4<00000000>;
L_0000020d19159d20 .functor XOR 1, L_0000020d191c0a80, L_0000020d191c1a20, C4<0>, C4<0>;
L_0000020d19159e00 .functor NOT 1, L_0000020d19159d20, C4<0>, C4<0>, C4<0>;
L_0000020d1915a810 .functor XOR 1, L_0000020d191c1b60, L_0000020d191c0800, C4<0>, C4<0>;
L_0000020d1915a6c0 .functor AND 1, L_0000020d19159e00, L_0000020d1915a810, C4<1>, C4<1>;
; Elide local net with no drivers, v0000020d19168750_0 name=_ivl_0
v0000020d19168bb0_0 .net *"_ivl_10", 8 0, L_0000020d191c0ee0;  1 drivers
v0000020d19168610_0 .net *"_ivl_12", 8 0, L_0000020d191c0940;  1 drivers
L_0000020d192301a8 .functor BUFT 1, C4<00000000z>, C4<0>, C4<0>, C4<0>;
v0000020d19168ed0_0 .net *"_ivl_14", 8 0, L_0000020d192301a8;  1 drivers
v0000020d19168250_0 .net *"_ivl_18", 8 0, L_0000020d191c0d00;  1 drivers
v0000020d19168070_0 .net *"_ivl_29", 0 0, L_0000020d191c0a80;  1 drivers
v0000020d19167fd0_0 .net *"_ivl_31", 0 0, L_0000020d191c1a20;  1 drivers
v0000020d19168930_0 .net *"_ivl_32", 0 0, L_0000020d19159d20;  1 drivers
v0000020d19168110_0 .net *"_ivl_34", 0 0, L_0000020d19159e00;  1 drivers
v0000020d191681b0_0 .net *"_ivl_37", 0 0, L_0000020d191c1b60;  1 drivers
v0000020d191682f0_0 .net *"_ivl_39", 0 0, L_0000020d191c0800;  1 drivers
v0000020d19168890_0 .net *"_ivl_40", 0 0, L_0000020d1915a810;  1 drivers
L_0000020d19230160 .functor BUFT 1, C4<0zzzzzzzz>, C4<0>, C4<0>, C4<0>;
v0000020d191684d0_0 .net *"_ivl_6", 8 0, L_0000020d19230160;  1 drivers
L_0000020d19230088 .functor BUFT 1, C4<0>, C4<0>, C4<0>, C4<0>;
v0000020d19168c50_0 .net/2u *"_ivl_8", 0 0, L_0000020d19230088;  1 drivers
o0000020d1916c278 .functor BUFZ 8, C4<zzzzzzzz>; HiZ drive
v0000020d191686b0_0 .net "a", 7 0, o0000020d1916c278;  0 drivers
v0000020d191687f0_0 .net "b", 7 0, o0000020d1916c2a8;  0 drivers
v0000020d191689d0_0 .net "b_comp", 7 0, L_0000020d1915a0a0;  1 drivers
L_0000020d192300d0 .functor BUFT 1, C4<x>, C4<0>, C4<0>, C4<0>;
v0000020d191bfdd0_0 .net "cout", 0 0, L_0000020d192300d0;  1 drivers
v0000020d191bfa10_0 .net "negative", 0 0, L_0000020d191c10c0;  1 drivers
v0000020d191bf330_0 .net "overflow", 0 0, L_0000020d1915a6c0;  1 drivers
v0000020d191bf290_0 .net "result", 7 0, L_0000020d19159cb0;  1 drivers
v0000020d191bebb0_0 .net "soma_ext", 7 0, L_0000020d191c0440;  1 drivers
o0000020d1916c3f8 .functor BUFZ 1, C4<z>; HiZ drive
v0000020d191be2f0_0 .net "sub", 0 0, o0000020d1916c3f8;  0 drivers
L_0000020d191c0ee0 .concat [ 8 1 0 0], L_0000020d1915a0a0, L_0000020d19230088;
L_0000020d191c0940 .arith/sum 9, L_0000020d19230160, L_0000020d191c0ee0;
L_0000020d191c0d00 .arith/sum 9, L_0000020d191c0940, L_0000020d192301a8;
L_0000020d191c0440 .part L_0000020d191c0d00, 0, 8;
L_0000020d191c10c0 .part L_0000020d19159cb0, 7, 1;
L_0000020d191c0a80 .part o0000020d1916c278, 7, 1;
L_0000020d191c1a20 .part L_0000020d1915a0a0, 7, 1;
L_0000020d191c1b60 .part o0000020d1916c278, 7, 1;
L_0000020d191c0800 .part L_0000020d19159cb0, 7, 1;
S_0000020d19146fb0 .scope module, "reg_A" "register" 2 128, 2 35 0, S_0000020d19144ac0;
 .timescale 0 0;
    .port_info 0 /INPUT 1 "clk";
    .port_info 1 /INPUT 1 "rst";
    .port_info 2 /INPUT 1 "load";
    .port_info 3 /INPUT 8 "data_in";
    .port_info 4 /OUTPUT 8 "data_out";
P_0000020d1913a8a0 .param/l "N" 0 2 36, +C4<00000000000000000000000000001000>;
v0000020d191bfc90_0 .net "clk", 0 0, o0000020d1916c578;  alias, 0 drivers
o0000020d1916c5a8 .functor BUFZ 8, C4<zzzzzzzz>; HiZ drive
v0000020d191bfe70_0 .net "data_in", 7 0, o0000020d1916c5a8;  0 drivers
v0000020d191bea70_0 .var "data_out", 7 0;
o0000020d1916c608 .functor BUFZ 1, C4<z>; HiZ drive
v0000020d191bf5b0_0 .net "load", 0 0, o0000020d1916c608;  0 drivers
v0000020d191bf8d0_0 .net "rst", 0 0, o0000020d1916c638;  alias, 0 drivers
E_0000020d1913aa20 .event posedge, v0000020d191bfc90_0;
S_0000020d19147140 .scope module, "reg_M" "register" 2 121, 2 35 0, S_0000020d19144ac0;
 .timescale 0 0;
    .port_info 0 /INPUT 1 "clk";
    .port_info 1 /INPUT 1 "rst";
    .port_info 2 /INPUT 1 "load";
    .port_info 3 /INPUT 8 "data_in";
    .port_info 4 /OUTPUT 8 "data_out";
P_0000020d1913b160 .param/l "N" 0 2 36, +C4<00000000000000000000000000001000>;
v0000020d191bf470_0 .net "clk", 0 0, o0000020d1916c578;  alias, 0 drivers
o0000020d1916c758 .functor BUFZ 8, C4<zzzzzzzz>; HiZ drive
v0000020d191be1b0_0 .net "data_in", 7 0, o0000020d1916c758;  0 drivers
v0000020d191bee30_0 .var "data_out", 7 0;
o0000020d1916c7b8 .functor BUFZ 1, C4<z>; HiZ drive
v0000020d191be890_0 .net "load", 0 0, o0000020d1916c7b8;  0 drivers
v0000020d191bf3d0_0 .net "rst", 0 0, o0000020d1916c638;  alias, 0 drivers
S_0000020d19161b00 .scope module, "reg_Q" "register" 2 135, 2 35 0, S_0000020d19144ac0;
 .timescale 0 0;
    .port_info 0 /INPUT 1 "clk";
    .port_info 1 /INPUT 1 "rst";
    .port_info 2 /INPUT 1 "load";
    .port_info 3 /INPUT 8 "data_in";
    .port_info 4 /OUTPUT 8 "data_out";
P_0000020d1913aaa0 .param/l "N" 0 2 36, +C4<00000000000000000000000000001000>;
v0000020d191be750_0 .net "clk", 0 0, o0000020d1916c578;  alias, 0 drivers
o0000020d1916c8d8 .functor BUFZ 8, C4<zzzzzzzz>; HiZ drive
v0000020d191bff10_0 .net "data_in", 7 0, o0000020d1916c8d8;  0 drivers
v0000020d191bfd30_0 .var "data_out", 7 0;
o0000020d1916c938 .functor BUFZ 1, C4<z>; HiZ drive
v0000020d191bec50_0 .net "load", 0 0, o0000020d1916c938;  0 drivers
v0000020d191bfb50_0 .net "rst", 0 0, o0000020d1916c638;  alias, 0 drivers
S_0000020d19161c90 .scope module, "shifter" "shift_left" 2 152, 2 60 0, S_0000020d19144ac0;
 .timescale 0 0;
    .port_info 0 /INPUT 1 "clk";
    .port_info 1 /INPUT 1 "rst";
    .port_info 2 /INPUT 1 "load";
    .port_info 3 /INPUT 1 "shift";
    .port_info 4 /INPUT 8 "data_in";
    .port_info 5 /OUTPUT 8 "data_out";
P_0000020d1913aee0 .param/l "N" 0 2 61, +C4<00000000000000000000000000001000>;
v0000020d191bffb0_0 .net "clk", 0 0, o0000020d1916c578;  alias, 0 drivers
o0000020d1916ca58 .functor BUFZ 8, C4<zzzzzzzz>; HiZ drive
v0000020d191be9d0_0 .net "data_in", 7 0, o0000020d1916ca58;  0 drivers
v0000020d191bf970_0 .var "data_out", 7 0;
v0000020d191bf510_0 .var/i "i", 31 0;
o0000020d1916cae8 .functor BUFZ 1, C4<z>; HiZ drive
v0000020d191be570_0 .net "load", 0 0, o0000020d1916cae8;  0 drivers
v0000020d191bf650_0 .net "rst", 0 0, o0000020d1916c638;  alias, 0 drivers
o0000020d1916cb18 .functor BUFZ 1, C4<z>; HiZ drive
v0000020d191be610_0 .net "shift", 0 0, o0000020d1916cb18;  0 drivers
S_0000020d191548a0 .scope module, "mux2" "mux2" 2 272;
 .timescale 0 0;
    .port_info 0 /INPUT 8 "I0";
    .port_info 1 /INPUT 8 "I1";
    .port_info 2 /INPUT 1 "sel";
    .port_info 3 /OUTPUT 8 "y";
P_0000020d1913a5a0 .param/l "N" 0 2 273, +C4<00000000000000000000000000001000>;
o0000020d1916d088 .functor BUFZ 8, C4<zzzzzzzz>; HiZ drive
v0000020d191bf830_0 .net "I0", 7 0, o0000020d1916d088;  0 drivers
o0000020d1916d0b8 .functor BUFZ 8, C4<zzzzzzzz>; HiZ drive
v0000020d191bfab0_0 .net "I1", 7 0, o0000020d1916d0b8;  0 drivers
o0000020d1916d0e8 .functor BUFZ 1, C4<z>; HiZ drive
v0000020d191be110_0 .net "sel", 0 0, o0000020d1916d0e8;  0 drivers
v0000020d191be250_0 .net "y", 7 0, L_0000020d191c0620;  1 drivers
L_0000020d191c0620 .functor MUXZ 8, o0000020d1916d088, o0000020d1916d0b8, o0000020d1916d0e8, C4<>;
S_0000020d19154a30 .scope module, "restoring_div" "restoring_div" 2 255;
 .timescale 0 0;
    .port_info 0 /INPUT 1 "clk";
    .port_info 1 /INPUT 1 "rst";
    .port_info 2 /INPUT 1 "start";
    .port_info 3 /INPUT 8 "dividend";
    .port_info 4 /INPUT 8 "divisor";
    .port_info 5 /OUTPUT 8 "quotient";
    .port_info 6 /OUTPUT 8 "remainder";
    .port_info 7 /OUTPUT 1 "done";
P_0000020d1913a820 .param/l "N" 0 2 256, +C4<00000000000000000000000000001000>;
o0000020d1916d208 .functor BUFZ 1, C4<z>; HiZ drive
v0000020d191be430_0 .net "clk", 0 0, o0000020d1916d208;  0 drivers
o0000020d1916d238 .functor BUFZ 8, C4<zzzzzzzz>; HiZ drive
v0000020d191be4d0_0 .net "dividend", 7 0, o0000020d1916d238;  0 drivers
o0000020d1916d268 .functor BUFZ 8, C4<zzzzzzzz>; HiZ drive
v0000020d191becf0_0 .net "divisor", 7 0, o0000020d1916d268;  0 drivers
o0000020d1916d298 .functor BUFZ 1, C4<z>; HiZ drive
v0000020d191be930_0 .net "done", 0 0, o0000020d1916d298;  0 drivers
o0000020d1916d2c8 .functor BUFZ 8, C4<zzzzzzzz>; HiZ drive
v0000020d191bed90_0 .net "quotient", 7 0, o0000020d1916d2c8;  0 drivers
o0000020d1916d2f8 .functor BUFZ 8, C4<zzzzzzzz>; HiZ drive
v0000020d191bf1f0_0 .net "remainder", 7 0, o0000020d1916d2f8;  0 drivers
o0000020d1916d328 .functor BUFZ 1, C4<z>; HiZ drive
v0000020d191c0120_0 .net "rst", 0 0, o0000020d1916d328;  0 drivers
o0000020d1916d358 .functor BUFZ 1, C4<z>; HiZ drive
v0000020d191c1340_0 .net "start", 0 0, o0000020d1916d358;  0 drivers
S_0000020d19149a50 .scope module, "uc" "uc" 2 168;
 .timescale 0 0;
    .port_info 0 /INPUT 1 "clk";
    .port_info 1 /INPUT 1 "rst";
    .port_info 2 /INPUT 1 "start";
    .port_info 3 /OUTPUT 1 "load_m";
    .port_info 4 /OUTPUT 1 "load_aq";
    .port_info 5 /OUTPUT 1 "shift_aq";
    .port_info 6 /OUTPUT 1 "update_a";
    .port_info 7 /OUTPUT 1 "done";
P_0000020d19167400 .param/l "DONE" 1 2 185, C4<11>;
P_0000020d19167438 .param/l "IDLE" 1 2 182, C4<00>;
P_0000020d19167470 .param/l "N" 0 2 168, +C4<00000000000000000000000000011000>;
P_0000020d191674a8 .param/l "SHIFT" 1 2 183, C4<01>;
P_0000020d191674e0 .param/l "UPDATE" 1 2 184, C4<10>;
L_0000020d19230118 .functor BUFT 1, C4<11>, C4<0>, C4<0>, C4<0>;
v0000020d191c13e0_0 .net/2u *"_ivl_0", 1 0, L_0000020d19230118;  1 drivers
o0000020d1916d538 .functor BUFZ 1, C4<z>; HiZ drive
v0000020d191c0580_0 .net "clk", 0 0, o0000020d1916d538;  0 drivers
v0000020d191c1d40_0 .var "count", 31 0;
v0000020d191c1020_0 .net "done", 0 0, L_0000020d191c1fc0;  1 drivers
v0000020d191c1ac0_0 .var "load_aq", 0 0;
v0000020d191c0da0_0 .var "load_m", 0 0;
v0000020d191c1ca0_0 .var "next_state", 1 0;
o0000020d1916d658 .functor BUFZ 1, C4<z>; HiZ drive
v0000020d191c1de0_0 .net "rst", 0 0, o0000020d1916d658;  0 drivers
v0000020d191c18e0_0 .var "shift_aq", 0 0;
o0000020d1916d6b8 .functor BUFZ 1, C4<z>; HiZ drive
v0000020d191c17a0_0 .net "start", 0 0, o0000020d1916d6b8;  0 drivers
v0000020d191c0e40_0 .var "state", 1 0;
v0000020d191c1520_0 .var "update_a", 0 0;
E_0000020d1913b1e0 .event anyedge, v0000020d191c0e40_0, v0000020d191c17a0_0, v0000020d191c1d40_0;
E_0000020d1913ada0 .event posedge, v0000020d191c1de0_0, v0000020d191c0580_0;
L_0000020d191c1fc0 .cmp/eq 2, v0000020d191c0e40_0, L_0000020d19230118;
    .scope S_0000020d19147140;
T_0 ;
    %wait E_0000020d1913aa20;
    %load/vec4 v0000020d191bf3d0_0;
    %flag_set/vec4 8;
    %jmp/0xz  T_0.0, 8;
    %pushi/vec4 0, 0, 8;
    %assign/vec4 v0000020d191bee30_0, 0;
    %jmp T_0.1;
T_0.0 ;
    %load/vec4 v0000020d191be890_0;
    %flag_set/vec4 8;
    %jmp/0xz  T_0.2, 8;
    %load/vec4 v0000020d191be1b0_0;
    %assign/vec4 v0000020d191bee30_0, 0;
T_0.2 ;
T_0.1 ;
    %jmp T_0;
    .thread T_0;
    .scope S_0000020d19146fb0;
T_1 ;
    %wait E_0000020d1913aa20;
    %load/vec4 v0000020d191bf8d0_0;
    %flag_set/vec4 8;
    %jmp/0xz  T_1.0, 8;
    %pushi/vec4 0, 0, 8;
    %assign/vec4 v0000020d191bea70_0, 0;
    %jmp T_1.1;
T_1.0 ;
    %load/vec4 v0000020d191bf5b0_0;
    %flag_set/vec4 8;
    %jmp/0xz  T_1.2, 8;
    %load/vec4 v0000020d191bfe70_0;
    %assign/vec4 v0000020d191bea70_0, 0;
T_1.2 ;
T_1.1 ;
    %jmp T_1;
    .thread T_1;
    .scope S_0000020d19161b00;
T_2 ;
    %wait E_0000020d1913aa20;
    %load/vec4 v0000020d191bfb50_0;
    %flag_set/vec4 8;
    %jmp/0xz  T_2.0, 8;
    %pushi/vec4 0, 0, 8;
    %assign/vec4 v0000020d191bfd30_0, 0;
    %jmp T_2.1;
T_2.0 ;
    %load/vec4 v0000020d191bec50_0;
    %flag_set/vec4 8;
    %jmp/0xz  T_2.2, 8;
    %load/vec4 v0000020d191bff10_0;
    %assign/vec4 v0000020d191bfd30_0, 0;
T_2.2 ;
T_2.1 ;
    %jmp T_2;
    .thread T_2;
    .scope S_0000020d19161c90;
T_3 ;
    %wait E_0000020d1913aa20;
    %load/vec4 v0000020d191bf650_0;
    %flag_set/vec4 8;
    %jmp/0xz  T_3.0, 8;
    %pushi/vec4 1, 0, 32;
    %store/vec4 v0000020d191bf510_0, 0, 32;
T_3.2 ;
    %load/vec4 v0000020d191bf510_0;
    %cmpi/s 8, 0, 32;
    %jmp/0xz T_3.3, 5;
    %pushi/vec4 0, 0, 1;
    %ix/load 5, 0, 0;
    %ix/getv/s 4, v0000020d191bf510_0;
    %assign/vec4/off/d v0000020d191bf970_0, 4, 5;
    %load/vec4 v0000020d191bf510_0;
    %addi 1, 0, 32;
    %store/vec4 v0000020d191bf510_0, 0, 32;
    %jmp T_3.2;
T_3.3 ;
    %pushi/vec4 1, 0, 1;
    %ix/load 4, 0, 0;
    %ix/load 5, 0, 0;
    %flag_set/imm 4, 0;
    %assign/vec4/off/d v0000020d191bf970_0, 4, 5;
    %jmp T_3.1;
T_3.0 ;
    %load/vec4 v0000020d191be570_0;
    %flag_set/vec4 8;
    %jmp/0xz  T_3.4, 8;
    %load/vec4 v0000020d191be9d0_0;
    %assign/vec4 v0000020d191bf970_0, 0;
    %jmp T_3.5;
T_3.4 ;
    %load/vec4 v0000020d191be610_0;
    %flag_set/vec4 8;
    %jmp/0xz  T_3.6, 8;
    %pushi/vec4 0, 0, 32;
    %store/vec4 v0000020d191bf510_0, 0, 32;
T_3.8 ;
    %load/vec4 v0000020d191bf510_0;
    %cmpi/s 7, 0, 32;
    %jmp/0xz T_3.9, 5;
    %load/vec4 v0000020d191bf970_0;
    %load/vec4 v0000020d191bf510_0;
    %part/s 1;
    %ix/load 5, 0, 0;
    %load/vec4 v0000020d191bf510_0;
    %addi 1, 0, 32;
    %ix/vec4/s 4;
    %assign/vec4/off/d v0000020d191bf970_0, 4, 5;
    %load/vec4 v0000020d191bf510_0;
    %addi 1, 0, 32;
    %store/vec4 v0000020d191bf510_0, 0, 32;
    %jmp T_3.8;
T_3.9 ;
    %pushi/vec4 1, 0, 1;
    %ix/load 4, 0, 0;
    %ix/load 5, 0, 0;
    %flag_set/imm 4, 0;
    %assign/vec4/off/d v0000020d191bf970_0, 4, 5;
T_3.6 ;
T_3.5 ;
T_3.1 ;
    %jmp T_3;
    .thread T_3;
    .scope S_0000020d19149a50;
T_4 ;
    %wait E_0000020d1913ada0;
    %load/vec4 v0000020d191c1de0_0;
    %flag_set/vec4 8;
    %jmp/0xz  T_4.0, 8;
    %pushi/vec4 0, 0, 2;
    %assign/vec4 v0000020d191c0e40_0, 0;
    %pushi/vec4 0, 0, 32;
    %assign/vec4 v0000020d191c1d40_0, 0;
    %jmp T_4.1;
T_4.0 ;
    %load/vec4 v0000020d191c1ca0_0;
    %assign/vec4 v0000020d191c0e40_0, 0;
    %load/vec4 v0000020d191c0e40_0;
    %cmpi/e 0, 0, 2;
    %flag_get/vec4 4;
    %jmp/0 T_4.4, 4;
    %load/vec4 v0000020d191c17a0_0;
    %and;
T_4.4;
    %flag_set/vec4 8;
    %jmp/0xz  T_4.2, 8;
    %pushi/vec4 24, 0, 32;
    %assign/vec4 v0000020d191c1d40_0, 0;
    %jmp T_4.3;
T_4.2 ;
    %load/vec4 v0000020d191c0e40_0;
    %cmpi/e 2, 0, 2;
    %jmp/0xz  T_4.5, 4;
    %load/vec4 v0000020d191c1d40_0;
    %subi 1, 0, 32;
    %assign/vec4 v0000020d191c1d40_0, 0;
T_4.5 ;
T_4.3 ;
T_4.1 ;
    %jmp T_4;
    .thread T_4;
    .scope S_0000020d19149a50;
T_5 ;
    %wait E_0000020d1913b1e0;
    %load/vec4 v0000020d191c0e40_0;
    %store/vec4 v0000020d191c1ca0_0, 0, 2;
    %pushi/vec4 0, 0, 1;
    %store/vec4 v0000020d191c0da0_0, 0, 1;
    %pushi/vec4 0, 0, 1;
    %store/vec4 v0000020d191c1ac0_0, 0, 1;
    %pushi/vec4 0, 0, 1;
    %store/vec4 v0000020d191c18e0_0, 0, 1;
    %pushi/vec4 0, 0, 1;
    %store/vec4 v0000020d191c1520_0, 0, 1;
    %load/vec4 v0000020d191c0e40_0;
    %dup/vec4;
    %pushi/vec4 0, 0, 2;
    %cmp/u;
    %jmp/1 T_5.0, 6;
    %dup/vec4;
    %pushi/vec4 1, 0, 2;
    %cmp/u;
    %jmp/1 T_5.1, 6;
    %dup/vec4;
    %pushi/vec4 2, 0, 2;
    %cmp/u;
    %jmp/1 T_5.2, 6;
    %dup/vec4;
    %pushi/vec4 3, 0, 2;
    %cmp/u;
    %jmp/1 T_5.3, 6;
    %pushi/vec4 0, 0, 2;
    %store/vec4 v0000020d191c1ca0_0, 0, 2;
    %jmp T_5.5;
T_5.0 ;
    %load/vec4 v0000020d191c17a0_0;
    %flag_set/vec4 8;
    %jmp/0xz  T_5.6, 8;
    %pushi/vec4 1, 0, 1;
    %store/vec4 v0000020d191c0da0_0, 0, 1;
    %pushi/vec4 1, 0, 1;
    %store/vec4 v0000020d191c1ac0_0, 0, 1;
    %pushi/vec4 1, 0, 2;
    %store/vec4 v0000020d191c1ca0_0, 0, 2;
T_5.6 ;
    %jmp T_5.5;
T_5.1 ;
    %pushi/vec4 1, 0, 1;
    %store/vec4 v0000020d191c18e0_0, 0, 1;
    %pushi/vec4 2, 0, 2;
    %store/vec4 v0000020d191c1ca0_0, 0, 2;
    %jmp T_5.5;
T_5.2 ;
    %pushi/vec4 1, 0, 1;
    %store/vec4 v0000020d191c1520_0, 0, 1;
    %load/vec4 v0000020d191c1d40_0;
    %cmpi/u 1, 0, 32;
    %flag_or 5, 4; GT is !LE
    %flag_inv 5;
    %jmp/0xz  T_5.8, 5;
    %pushi/vec4 1, 0, 2;
    %store/vec4 v0000020d191c1ca0_0, 0, 2;
    %jmp T_5.9;
T_5.8 ;
    %pushi/vec4 3, 0, 2;
    %store/vec4 v0000020d191c1ca0_0, 0, 2;
T_5.9 ;
    %jmp T_5.5;
T_5.3 ;
    %pushi/vec4 0, 0, 2;
    %store/vec4 v0000020d191c1ca0_0, 0, 2;
    %jmp T_5.5;
T_5.5 ;
    %pop/vec4 1;
    %jmp T_5;
    .thread T_5, $push;
# The file index is used to find the file name in the following table.
:file_names 3;
    "N/A";
    "<interactive>";
    "a08.v";
